2024-05-26 19:33:38,326 - ERROR - Ошибка при получении HTML-кода страницы 1: cannot access local variable 'tasks' where it is not associated with a value
2024-05-26 19:33:38,327 - ERROR - Ошибка при получении HTML-кода страницы 2: cannot access local variable 'tasks' where it is not associated with a value
2024-05-26 19:33:39,654 - WARNING - Не удалось найти блок с результатами поиска
2024-05-26 19:33:39,690 - WARNING - Не удалось найти блок с результатами поиска
2024-05-26 19:38:36,756 - INFO - Получено 2 страниц с результатами поиска
2024-05-26 19:38:36,796 - WARNING - Не удалось найти блок с результатами поиска
2024-05-26 19:38:36,834 - WARNING - Не удалось найти блок с результатами поиска
2024-05-26 19:38:36,834 - WARNING - Не удалось получить ссылки на страницы отелей
2024-05-26 19:40:21,384 - INFO - Получено 2 страниц с результатами поиска
2024-05-26 19:40:21,424 - WARNING - Не удалось найти блок с результатами поиска
2024-05-26 19:40:21,468 - WARNING - Не удалось найти блок с результатами поиска
2024-05-26 19:40:21,468 - WARNING - Не удалось получить ссылки на страницы отелей
2024-05-26 19:41:21,231 - INFO - Получено 2 страниц с результатами поиска
2024-05-26 19:41:21,278 - WARNING - Не удалось найти блок с результатами поиска
2024-05-26 19:41:21,323 - WARNING - Не удалось найти блок с результатами поиска
2024-05-26 19:41:21,324 - WARNING - Не удалось получить ссылки на страницы отелей
2024-05-26 19:46:17,843 - INFO - Получено 2 страниц с результатами поиска
2024-05-26 19:46:17,883 - WARNING - Не удалось найти блок с результатами поиска
2024-05-26 19:46:17,922 - WARNING - Не удалось найти блок с результатами поиска
2024-05-26 19:46:17,922 - WARNING - Не удалось получить ссылки на страницы отелей
2024-05-26 19:47:20,792 - INFO - Получено 2 страниц с результатами поиска
2024-05-26 19:47:20,833 - WARNING - Не удалось найти блок с результатами поиска
2024-05-26 19:47:20,875 - WARNING - Не удалось найти блок с результатами поиска
2024-05-26 19:47:20,875 - WARNING - Не удалось получить ссылки на страницы отелей
2024-05-26 19:49:25,936 - INFO - Получено 2 страниц с результатами поиска
2024-05-26 19:49:25,974 - WARNING - Не удалось найти блок с результатами поиска
2024-05-26 19:49:26,009 - WARNING - Не удалось найти блок с результатами поиска
2024-05-26 19:49:26,009 - WARNING - Не удалось получить ссылки на страницы отелей
2024-05-26 19:50:15,110 - INFO - Получено 2 страниц с результатами поиска
2024-05-26 19:50:15,149 - WARNING - Не удалось найти блок с результатами поиска
2024-05-26 19:50:15,186 - WARNING - Не удалось найти блок с результатами поиска
2024-05-26 19:50:15,186 - WARNING - Не удалось получить ссылки на страницы отелей
2024-05-26 19:53:24,686 - INFO - Получено 2 страниц с результатами поиска
2024-05-26 19:53:24,724 - WARNING - Не удалось найти блок с результатами поиска
2024-05-26 19:53:24,759 - WARNING - Не удалось найти блок с результатами поиска
2024-05-26 19:53:24,760 - WARNING - Не удалось получить ссылки на страницы отелей
2024-05-26 19:57:41,663 - WARNING - Не удалось получить HTML-код страниц с результатами поиска
2024-05-26 19:58:28,010 - WARNING - Не удалось получить HTML-код страниц с результатами поиска
2024-05-26 20:00:09,829 - WARNING - Не удалось получить HTML-код страниц с результатами поиска
2024-05-26 20:01:29,645 - WARNING - Не удалось получить HTML-код страниц с результатами поиска
2024-05-26 20:04:51,677 - WARNING - Не удалось найти блок с результатами поиска
2024-05-26 20:04:51,740 - WARNING - Не удалось найти блок с результатами поиска
2024-05-26 20:04:51,740 - WARNING - Не удалось получить ссылки на страницы отелей
2024-05-26 20:11:46,326 - WARNING - Не удалось найти блок с результатами поиска
2024-05-26 20:11:46,498 - WARNING - Не удалось найти блок с результатами поиска
2024-05-26 20:11:46,498 - WARNING - Не удалось получить ссылки на страницы отелей
2024-05-27 05:49:14,812 - WARNING - Не удалось найти блок с результатами поиска
2024-05-27 05:49:15,024 - WARNING - Не удалось найти блок с результатами поиска
2024-05-27 05:49:15,024 - WARNING - Не удалось получить ссылки на страницы отелей
2024-05-27 05:49:44,752 - WARNING - Не удалось найти блок с результатами поиска
2024-05-27 05:49:44,960 - WARNING - Не удалось найти блок с результатами поиска
2024-05-27 05:49:44,960 - WARNING - Не удалось получить ссылки на страницы отелей
2024-05-27 06:23:10,433 - WARNING - Не удалось найти блок с результатами поиска
2024-05-27 06:23:10,594 - WARNING - Не удалось найти блок с результатами поиска
2024-05-27 06:33:26,910 - WARNING - Не удалось найти блок с результатами поиска
2024-05-27 06:33:27,033 - WARNING - Не удалось найти блок с результатами поиска
2024-05-27 06:43:37,128 - WARNING - Не удалось найти блок с результатами поиска
2024-05-27 06:43:37,247 - WARNING - Не удалось найти блок с результатами поиска
2024-05-27 07:04:07,949 - WARNING - Не удалось найти блок с результатами поиска
2024-05-27 07:04:08,080 - WARNING - Не удалось найти блок с результатами поиска
